<?xml version="1.0" encoding="UTF-8"?>
<!-- Generated by org.testng.reporters.JUnitXMLReporter -->
<testsuite hostname="LAPTOP-B4IESNV0" name="Command line test" tests="34" failures="0" timestamp="14 Apr 2019 03:37:40 GMT" time="0.058" errors="0">
  <testcase name="@BeforeMethod setUp" time="0.0" classname="home.MainTest">
    <failure type="org.testng.TestNGException" message="
Parameter &amp;apos;OS&amp;apos; is required by @Configuration on method setUp but has not been marked @Optional or defined
">
      <![CDATA[org.testng.TestNGException: 
Parameter 'OS' is required by @Configuration on method setUp but has not been marked @Optional or defined

... Removed 32 stack frames]]>
    </failure>
  </testcase> <!-- @BeforeMethod setUp -->
  <testcase name="@BeforeMethod startExtent" time="0.0" classname="home.MainTest">
    <skipped/>
  </testcase> <!-- @BeforeMethod startExtent -->
  <testcase name="@BeforeMethod initialize" time="0.0" classname="home.MainTest">
    <skipped/>
  </testcase> <!-- @BeforeMethod initialize -->
  <testcase name="@AfterMethod afterEachTestMethod" time="0.0" classname="home.MainTest">
    <skipped/>
  </testcase> <!-- @AfterMethod afterEachTestMethod -->
  <testcase name="@AfterMethod cleanUpApp" time="0.0" classname="home.MainTest">
    <skipped/>
  </testcase> <!-- @AfterMethod cleanUpApp -->
  <testcase name="@BeforeMethod setUp" time="0.0" classname="home.MainTest">
    <skipped/>
  </testcase> <!-- @BeforeMethod setUp -->
  <testcase name="@BeforeMethod startExtent" time="0.0" classname="home.MainTest">
    <skipped/>
  </testcase> <!-- @BeforeMethod startExtent -->
  <testcase name="@BeforeMethod initialize" time="0.0" classname="home.MainTest">
    <skipped/>
  </testcase> <!-- @BeforeMethod initialize -->
  <testcase name="@AfterMethod afterEachTestMethod" time="0.0" classname="home.MainTest">
    <skipped/>
  </testcase> <!-- @AfterMethod afterEachTestMethod -->
  <testcase name="@AfterMethod cleanUpApp" time="0.0" classname="home.MainTest">
    <skipped/>
  </testcase> <!-- @AfterMethod cleanUpApp -->
  <testcase name="@BeforeMethod setUp" time="0.0" classname="home.MainTest">
    <skipped/>
  </testcase> <!-- @BeforeMethod setUp -->
  <testcase name="@BeforeMethod startExtent" time="0.0" classname="home.MainTest">
    <skipped/>
  </testcase> <!-- @BeforeMethod startExtent -->
  <testcase name="@BeforeMethod initialize" time="0.0" classname="home.MainTest">
    <skipped/>
  </testcase> <!-- @BeforeMethod initialize -->
  <testcase name="@AfterMethod afterEachTestMethod" time="0.0" classname="home.MainTest">
    <skipped/>
  </testcase> <!-- @AfterMethod afterEachTestMethod -->
  <testcase name="@AfterMethod cleanUpApp" time="0.0" classname="home.MainTest">
    <skipped/>
  </testcase> <!-- @AfterMethod cleanUpApp -->
  <testcase name="@BeforeMethod setUp" time="0.0" classname="home.MainTest">
    <skipped/>
  </testcase> <!-- @BeforeMethod setUp -->
  <testcase name="@BeforeMethod startExtent" time="0.0" classname="home.MainTest">
    <skipped/>
  </testcase> <!-- @BeforeMethod startExtent -->
  <testcase name="@BeforeMethod initialize" time="0.0" classname="home.MainTest">
    <skipped/>
  </testcase> <!-- @BeforeMethod initialize -->
  <testcase name="@AfterMethod afterEachTestMethod" time="0.0" classname="home.MainTest">
    <skipped/>
  </testcase> <!-- @AfterMethod afterEachTestMethod -->
  <testcase name="@AfterMethod cleanUpApp" time="0.0" classname="home.MainTest">
    <skipped/>
  </testcase> <!-- @AfterMethod cleanUpApp -->
  <testcase name="@BeforeMethod setUp" time="0.0" classname="home.MainTest">
    <skipped/>
  </testcase> <!-- @BeforeMethod setUp -->
  <testcase name="@BeforeMethod startExtent" time="0.0" classname="home.MainTest">
    <skipped/>
  </testcase> <!-- @BeforeMethod startExtent -->
  <testcase name="@BeforeMethod initialize" time="0.0" classname="home.MainTest">
    <skipped/>
  </testcase> <!-- @BeforeMethod initialize -->
  <testcase name="@AfterMethod afterEachTestMethod" time="0.0" classname="home.MainTest">
    <skipped/>
  </testcase> <!-- @AfterMethod afterEachTestMethod -->
  <testcase name="@AfterMethod cleanUpApp" time="0.0" classname="home.MainTest">
    <skipped/>
  </testcase> <!-- @AfterMethod cleanUpApp -->
  <testcase name="@BeforeMethod setUp" time="0.0" classname="home.MainTest">
    <skipped/>
  </testcase> <!-- @BeforeMethod setUp -->
  <testcase name="@BeforeMethod startExtent" time="0.0" classname="home.MainTest">
    <skipped/>
  </testcase> <!-- @BeforeMethod startExtent -->
  <testcase name="@BeforeMethod initialize" time="0.0" classname="home.MainTest">
    <skipped/>
  </testcase> <!-- @BeforeMethod initialize -->
  <testcase name="@AfterMethod afterEachTestMethod" time="0.0" classname="home.MainTest">
    <skipped/>
  </testcase> <!-- @AfterMethod afterEachTestMethod -->
  <testcase name="@AfterMethod cleanUpApp" time="0.0" classname="home.MainTest">
    <skipped/>
  </testcase> <!-- @AfterMethod cleanUpApp -->
  <testcase name="@BeforeMethod setUp" time="0.0" classname="home.MainTest">
    <skipped/>
  </testcase> <!-- @BeforeMethod setUp -->
  <testcase name="@BeforeMethod startExtent" time="0.0" classname="home.MainTest">
    <skipped/>
  </testcase> <!-- @BeforeMethod startExtent -->
  <testcase name="@BeforeMethod initialize" time="0.0" classname="home.MainTest">
    <skipped/>
  </testcase> <!-- @BeforeMethod initialize -->
  <testcase name="@AfterMethod afterEachTestMethod" time="0.0" classname="home.MainTest">
    <skipped/>
  </testcase> <!-- @AfterMethod afterEachTestMethod -->
  <testcase name="@AfterMethod cleanUpApp" time="0.0" classname="home.MainTest">
    <skipped/>
  </testcase> <!-- @AfterMethod cleanUpApp -->
  <testcase name="@BeforeMethod setUp" time="0.0" classname="home.MainTest">
    <skipped/>
  </testcase> <!-- @BeforeMethod setUp -->
  <testcase name="@BeforeMethod startExtent" time="0.0" classname="home.MainTest">
    <skipped/>
  </testcase> <!-- @BeforeMethod startExtent -->
  <testcase name="@BeforeMethod initialize" time="0.0" classname="home.MainTest">
    <skipped/>
  </testcase> <!-- @BeforeMethod initialize -->
  <testcase name="@AfterMethod afterEachTestMethod" time="0.0" classname="home.MainTest">
    <skipped/>
  </testcase> <!-- @AfterMethod afterEachTestMethod -->
  <testcase name="@AfterMethod cleanUpApp" time="0.0" classname="home.MainTest">
    <skipped/>
  </testcase> <!-- @AfterMethod cleanUpApp -->
  <testcase name="@BeforeMethod setUp" time="0.0" classname="home.MainTest">
    <skipped/>
  </testcase> <!-- @BeforeMethod setUp -->
  <testcase name="@BeforeMethod startExtent" time="0.0" classname="home.MainTest">
    <skipped/>
  </testcase> <!-- @BeforeMethod startExtent -->
  <testcase name="@BeforeMethod initialize" time="0.0" classname="home.MainTest">
    <skipped/>
  </testcase> <!-- @BeforeMethod initialize -->
  <testcase name="@AfterMethod afterEachTestMethod" time="0.0" classname="home.MainTest">
    <skipped/>
  </testcase> <!-- @AfterMethod afterEachTestMethod -->
  <testcase name="@AfterMethod cleanUpApp" time="0.0" classname="home.MainTest">
    <skipped/>
  </testcase> <!-- @AfterMethod cleanUpApp -->
  <testcase name="@BeforeMethod setUp" time="0.0" classname="home.MainTest">
    <skipped/>
  </testcase> <!-- @BeforeMethod setUp -->
  <testcase name="@BeforeMethod startExtent" time="0.0" classname="home.MainTest">
    <skipped/>
  </testcase> <!-- @BeforeMethod startExtent -->
  <testcase name="@BeforeMethod initialize" time="0.0" classname="home.MainTest">
    <skipped/>
  </testcase> <!-- @BeforeMethod initialize -->
  <testcase name="@AfterMethod afterEachTestMethod" time="0.0" classname="home.MainTest">
    <skipped/>
  </testcase> <!-- @AfterMethod afterEachTestMethod -->
  <testcase name="@AfterMethod cleanUpApp" time="0.0" classname="home.MainTest">
    <skipped/>
  </testcase> <!-- @AfterMethod cleanUpApp -->
  <testcase name="@BeforeMethod setUp" time="0.0" classname="home.MainTest">
    <skipped/>
  </testcase> <!-- @BeforeMethod setUp -->
  <testcase name="@BeforeMethod startExtent" time="0.0" classname="home.MainTest">
    <skipped/>
  </testcase> <!-- @BeforeMethod startExtent -->
  <testcase name="@BeforeMethod initialize" time="0.0" classname="home.MainTest">
    <skipped/>
  </testcase> <!-- @BeforeMethod initialize -->
  <testcase name="@AfterMethod afterEachTestMethod" time="0.0" classname="home.MainTest">
    <skipped/>
  </testcase> <!-- @AfterMethod afterEachTestMethod -->
  <testcase name="@AfterMethod cleanUpApp" time="0.0" classname="home.MainTest">
    <skipped/>
  </testcase> <!-- @AfterMethod cleanUpApp -->
  <testcase name="@BeforeMethod setUp" time="0.0" classname="home.MainTest">
    <skipped/>
  </testcase> <!-- @BeforeMethod setUp -->
  <testcase name="@BeforeMethod startExtent" time="0.0" classname="home.MainTest">
    <skipped/>
  </testcase> <!-- @BeforeMethod startExtent -->
  <testcase name="@BeforeMethod initialize" time="0.0" classname="home.MainTest">
    <skipped/>
  </testcase> <!-- @BeforeMethod initialize -->
  <testcase name="@AfterMethod afterEachTestMethod" time="0.0" classname="home.MainTest">
    <skipped/>
  </testcase> <!-- @AfterMethod afterEachTestMethod -->
  <testcase name="@AfterMethod cleanUpApp" time="0.0" classname="home.MainTest">
    <skipped/>
  </testcase> <!-- @AfterMethod cleanUpApp -->
  <testcase name="@BeforeMethod setUp" time="0.0" classname="home.MainTest">
    <skipped/>
  </testcase> <!-- @BeforeMethod setUp -->
  <testcase name="@BeforeMethod startExtent" time="0.0" classname="home.MainTest">
    <skipped/>
  </testcase> <!-- @BeforeMethod startExtent -->
  <testcase name="@BeforeMethod initialize" time="0.0" classname="home.MainTest">
    <skipped/>
  </testcase> <!-- @BeforeMethod initialize -->
  <testcase name="@AfterMethod afterEachTestMethod" time="0.0" classname="home.MainTest">
    <skipped/>
  </testcase> <!-- @AfterMethod afterEachTestMethod -->
  <testcase name="@AfterMethod cleanUpApp" time="0.0" classname="home.MainTest">
    <skipped/>
  </testcase> <!-- @AfterMethod cleanUpApp -->
  <testcase name="@BeforeMethod setUp" time="0.0" classname="home.MainTest">
    <skipped/>
  </testcase> <!-- @BeforeMethod setUp -->
  <testcase name="@BeforeMethod startExtent" time="0.0" classname="home.MainTest">
    <skipped/>
  </testcase> <!-- @BeforeMethod startExtent -->
  <testcase name="@BeforeMethod initialize" time="0.0" classname="home.MainTest">
    <skipped/>
  </testcase> <!-- @BeforeMethod initialize -->
  <testcase name="@AfterMethod afterEachTestMethod" time="0.0" classname="home.MainTest">
    <skipped/>
  </testcase> <!-- @AfterMethod afterEachTestMethod -->
  <testcase name="@AfterMethod cleanUpApp" time="0.0" classname="home.MainTest">
    <skipped/>
  </testcase> <!-- @AfterMethod cleanUpApp -->
  <testcase name="@BeforeMethod setUp" time="0.0" classname="home.MainTest">
    <skipped/>
  </testcase> <!-- @BeforeMethod setUp -->
  <testcase name="@BeforeMethod startExtent" time="0.0" classname="home.MainTest">
    <skipped/>
  </testcase> <!-- @BeforeMethod startExtent -->
  <testcase name="@BeforeMethod initialize" time="0.0" classname="home.MainTest">
    <skipped/>
  </testcase> <!-- @BeforeMethod initialize -->
  <testcase name="@AfterMethod afterEachTestMethod" time="0.0" classname="home.MainTest">
    <skipped/>
  </testcase> <!-- @AfterMethod afterEachTestMethod -->
  <testcase name="@AfterMethod cleanUpApp" time="0.0" classname="home.MainTest">
    <skipped/>
  </testcase> <!-- @AfterMethod cleanUpApp -->
  <testcase name="@BeforeMethod setUp" time="0.0" classname="home.MainTest">
    <skipped/>
  </testcase> <!-- @BeforeMethod setUp -->
  <testcase name="@BeforeMethod startExtent" time="0.0" classname="home.MainTest">
    <skipped/>
  </testcase> <!-- @BeforeMethod startExtent -->
  <testcase name="@BeforeMethod initialize" time="0.0" classname="home.MainTest">
    <skipped/>
  </testcase> <!-- @BeforeMethod initialize -->
  <testcase name="@AfterMethod afterEachTestMethod" time="0.0" classname="home.MainTest">
    <skipped/>
  </testcase> <!-- @AfterMethod afterEachTestMethod -->
  <testcase name="@AfterMethod cleanUpApp" time="0.0" classname="home.MainTest">
    <skipped/>
  </testcase> <!-- @AfterMethod cleanUpApp -->
  <testcase name="@BeforeMethod setUp" time="0.0" classname="home.MainTest">
    <skipped/>
  </testcase> <!-- @BeforeMethod setUp -->
  <testcase name="@BeforeMethod startExtent" time="0.0" classname="home.MainTest">
    <skipped/>
  </testcase> <!-- @BeforeMethod startExtent -->
  <testcase name="@BeforeMethod initialize" time="0.0" classname="home.MainTest">
    <skipped/>
  </testcase> <!-- @BeforeMethod initialize -->
  <testcase name="@AfterMethod afterEachTestMethod" time="0.0" classname="home.MainTest">
    <skipped/>
  </testcase> <!-- @AfterMethod afterEachTestMethod -->
  <testcase name="@AfterMethod cleanUpApp" time="0.0" classname="home.MainTest">
    <skipped/>
  </testcase> <!-- @AfterMethod cleanUpApp -->
  <testcase name="@BeforeMethod setUp" time="0.003" classname="home.MainTest">
    <skipped/>
  </testcase> <!-- @BeforeMethod setUp -->
  <testcase name="@BeforeMethod startExtent" time="0.0" classname="home.MainTest">
    <skipped/>
  </testcase> <!-- @BeforeMethod startExtent -->
  <testcase name="@BeforeMethod initialize" time="0.0" classname="home.MainTest">
    <skipped/>
  </testcase> <!-- @BeforeMethod initialize -->
  <testcase name="@AfterMethod afterEachTestMethod" time="0.0" classname="home.MainTest">
    <skipped/>
  </testcase> <!-- @AfterMethod afterEachTestMethod -->
  <testcase name="@AfterMethod cleanUpApp" time="0.0" classname="home.MainTest">
    <skipped/>
  </testcase> <!-- @AfterMethod cleanUpApp -->
  <testcase name="@BeforeMethod setUp" time="0.0" classname="home.MainTest">
    <skipped/>
  </testcase> <!-- @BeforeMethod setUp -->
  <testcase name="@BeforeMethod startExtent" time="0.0" classname="home.MainTest">
    <skipped/>
  </testcase> <!-- @BeforeMethod startExtent -->
  <testcase name="@BeforeMethod initialize" time="0.0" classname="home.MainTest">
    <skipped/>
  </testcase> <!-- @BeforeMethod initialize -->
  <testcase name="@AfterMethod afterEachTestMethod" time="0.0" classname="home.MainTest">
    <skipped/>
  </testcase> <!-- @AfterMethod afterEachTestMethod -->
  <testcase name="@AfterMethod cleanUpApp" time="0.0" classname="home.MainTest">
    <skipped/>
  </testcase> <!-- @AfterMethod cleanUpApp -->
  <testcase name="@BeforeMethod setUp" time="0.0" classname="home.MainTest">
    <skipped/>
  </testcase> <!-- @BeforeMethod setUp -->
  <testcase name="@BeforeMethod startExtent" time="0.0" classname="home.MainTest">
    <skipped/>
  </testcase> <!-- @BeforeMethod startExtent -->
  <testcase name="@BeforeMethod initialize" time="0.0" classname="home.MainTest">
    <skipped/>
  </testcase> <!-- @BeforeMethod initialize -->
  <testcase name="@AfterMethod afterEachTestMethod" time="0.0" classname="home.MainTest">
    <skipped/>
  </testcase> <!-- @AfterMethod afterEachTestMethod -->
  <testcase name="@AfterMethod cleanUpApp" time="0.0" classname="home.MainTest">
    <skipped/>
  </testcase> <!-- @AfterMethod cleanUpApp -->
  <testcase name="@BeforeMethod setUp" time="0.0" classname="home.MainTest">
    <skipped/>
  </testcase> <!-- @BeforeMethod setUp -->
  <testcase name="@BeforeMethod startExtent" time="0.0" classname="home.MainTest">
    <skipped/>
  </testcase> <!-- @BeforeMethod startExtent -->
  <testcase name="@BeforeMethod initialize" time="0.0" classname="home.MainTest">
    <skipped/>
  </testcase> <!-- @BeforeMethod initialize -->
  <testcase name="@AfterMethod afterEachTestMethod" time="0.0" classname="home.MainTest">
    <skipped/>
  </testcase> <!-- @AfterMethod afterEachTestMethod -->
  <testcase name="@AfterMethod cleanUpApp" time="0.0" classname="home.MainTest">
    <skipped/>
  </testcase> <!-- @AfterMethod cleanUpApp -->
  <testcase name="@BeforeMethod setUp" time="0.0" classname="home.MainTest">
    <skipped/>
  </testcase> <!-- @BeforeMethod setUp -->
  <testcase name="@BeforeMethod startExtent" time="0.0" classname="home.MainTest">
    <skipped/>
  </testcase> <!-- @BeforeMethod startExtent -->
  <testcase name="@BeforeMethod initialize" time="0.0" classname="home.MainTest">
    <skipped/>
  </testcase> <!-- @BeforeMethod initialize -->
  <testcase name="@AfterMethod afterEachTestMethod" time="0.0" classname="home.MainTest">
    <skipped/>
  </testcase> <!-- @AfterMethod afterEachTestMethod -->
  <testcase name="@AfterMethod cleanUpApp" time="0.0" classname="home.MainTest">
    <skipped/>
  </testcase> <!-- @AfterMethod cleanUpApp -->
  <testcase name="@BeforeMethod setUp" time="0.0" classname="home.MainTest">
    <skipped/>
  </testcase> <!-- @BeforeMethod setUp -->
  <testcase name="@BeforeMethod startExtent" time="0.0" classname="home.MainTest">
    <skipped/>
  </testcase> <!-- @BeforeMethod startExtent -->
  <testcase name="@BeforeMethod initialize" time="0.0" classname="home.MainTest">
    <skipped/>
  </testcase> <!-- @BeforeMethod initialize -->
  <testcase name="@AfterMethod afterEachTestMethod" time="0.0" classname="home.MainTest">
    <skipped/>
  </testcase> <!-- @AfterMethod afterEachTestMethod -->
  <testcase name="@AfterMethod cleanUpApp" time="0.0" classname="home.MainTest">
    <skipped/>
  </testcase> <!-- @AfterMethod cleanUpApp -->
  <testcase name="@BeforeMethod setUp" time="0.0" classname="home.MainTest">
    <skipped/>
  </testcase> <!-- @BeforeMethod setUp -->
  <testcase name="@BeforeMethod startExtent" time="0.0" classname="home.MainTest">
    <skipped/>
  </testcase> <!-- @BeforeMethod startExtent -->
  <testcase name="@BeforeMethod initialize" time="0.0" classname="home.MainTest">
    <skipped/>
  </testcase> <!-- @BeforeMethod initialize -->
  <testcase name="@AfterMethod afterEachTestMethod" time="0.0" classname="home.MainTest">
    <skipped/>
  </testcase> <!-- @AfterMethod afterEachTestMethod -->
  <testcase name="@AfterMethod cleanUpApp" time="0.0" classname="home.MainTest">
    <skipped/>
  </testcase> <!-- @AfterMethod cleanUpApp -->
  <testcase name="@BeforeMethod setUp" time="0.0" classname="home.MainTest">
    <skipped/>
  </testcase> <!-- @BeforeMethod setUp -->
  <testcase name="@BeforeMethod startExtent" time="0.0" classname="home.MainTest">
    <skipped/>
  </testcase> <!-- @BeforeMethod startExtent -->
  <testcase name="@BeforeMethod initialize" time="0.0" classname="home.MainTest">
    <skipped/>
  </testcase> <!-- @BeforeMethod initialize -->
  <testcase name="@AfterMethod afterEachTestMethod" time="0.0" classname="home.MainTest">
    <skipped/>
  </testcase> <!-- @AfterMethod afterEachTestMethod -->
  <testcase name="@AfterMethod cleanUpApp" time="0.0" classname="home.MainTest">
    <skipped/>
  </testcase> <!-- @AfterMethod cleanUpApp -->
  <testcase name="@BeforeMethod setUp" time="0.0" classname="home.MainTest">
    <skipped/>
  </testcase> <!-- @BeforeMethod setUp -->
  <testcase name="@BeforeMethod startExtent" time="0.0" classname="home.MainTest">
    <skipped/>
  </testcase> <!-- @BeforeMethod startExtent -->
  <testcase name="@BeforeMethod initialize" time="0.0" classname="home.MainTest">
    <skipped/>
  </testcase> <!-- @BeforeMethod initialize -->
  <testcase name="@AfterMethod afterEachTestMethod" time="0.0" classname="home.MainTest">
    <skipped/>
  </testcase> <!-- @AfterMethod afterEachTestMethod -->
  <testcase name="@AfterMethod cleanUpApp" time="0.0" classname="home.MainTest">
    <skipped/>
  </testcase> <!-- @AfterMethod cleanUpApp -->
  <testcase name="@BeforeMethod setUp" time="0.0" classname="home.MainTest">
    <skipped/>
  </testcase> <!-- @BeforeMethod setUp -->
  <testcase name="@BeforeMethod startExtent" time="0.0" classname="home.MainTest">
    <skipped/>
  </testcase> <!-- @BeforeMethod startExtent -->
  <testcase name="@BeforeMethod initialize" time="0.0" classname="home.MainTest">
    <skipped/>
  </testcase> <!-- @BeforeMethod initialize -->
  <testcase name="@AfterMethod afterEachTestMethod" time="0.0" classname="home.MainTest">
    <skipped/>
  </testcase> <!-- @AfterMethod afterEachTestMethod -->
  <testcase name="@AfterMethod cleanUpApp" time="0.0" classname="home.MainTest">
    <skipped/>
  </testcase> <!-- @AfterMethod cleanUpApp -->
  <testcase name="@BeforeMethod setUp" time="0.0" classname="home.MainTest">
    <skipped/>
  </testcase> <!-- @BeforeMethod setUp -->
  <testcase name="@BeforeMethod startExtent" time="0.0" classname="home.MainTest">
    <skipped/>
  </testcase> <!-- @BeforeMethod startExtent -->
  <testcase name="@BeforeMethod initialize" time="0.0" classname="home.MainTest">
    <skipped/>
  </testcase> <!-- @BeforeMethod initialize -->
  <testcase name="@AfterMethod afterEachTestMethod" time="0.0" classname="home.MainTest">
    <skipped/>
  </testcase> <!-- @AfterMethod afterEachTestMethod -->
  <testcase name="@AfterMethod cleanUpApp" time="0.0" classname="home.MainTest">
    <skipped/>
  </testcase> <!-- @AfterMethod cleanUpApp -->
  <testcase name="@BeforeMethod setUp" time="0.0" classname="home.MainTest">
    <skipped/>
  </testcase> <!-- @BeforeMethod setUp -->
  <testcase name="@BeforeMethod startExtent" time="0.0" classname="home.MainTest">
    <skipped/>
  </testcase> <!-- @BeforeMethod startExtent -->
  <testcase name="@BeforeMethod initialize" time="0.0" classname="home.MainTest">
    <skipped/>
  </testcase> <!-- @BeforeMethod initialize -->
  <testcase name="@AfterMethod afterEachTestMethod" time="0.0" classname="home.MainTest">
    <skipped/>
  </testcase> <!-- @AfterMethod afterEachTestMethod -->
  <testcase name="@AfterMethod cleanUpApp" time="0.0" classname="home.MainTest">
    <skipped/>
  </testcase> <!-- @AfterMethod cleanUpApp -->
  <testcase name="@BeforeMethod setUp" time="0.0" classname="home.MainTest">
    <skipped/>
  </testcase> <!-- @BeforeMethod setUp -->
  <testcase name="@BeforeMethod startExtent" time="0.0" classname="home.MainTest">
    <skipped/>
  </testcase> <!-- @BeforeMethod startExtent -->
  <testcase name="@BeforeMethod initialize" time="0.0" classname="home.MainTest">
    <skipped/>
  </testcase> <!-- @BeforeMethod initialize -->
  <testcase name="@AfterMethod afterEachTestMethod" time="0.0" classname="home.MainTest">
    <skipped/>
  </testcase> <!-- @AfterMethod afterEachTestMethod -->
  <testcase name="@AfterMethod cleanUpApp" time="0.0" classname="home.MainTest">
    <skipped/>
  </testcase> <!-- @AfterMethod cleanUpApp -->
  <testcase name="@BeforeMethod setUp" time="0.0" classname="home.MainTest">
    <skipped/>
  </testcase> <!-- @BeforeMethod setUp -->
  <testcase name="@BeforeMethod startExtent" time="0.0" classname="home.MainTest">
    <skipped/>
  </testcase> <!-- @BeforeMethod startExtent -->
  <testcase name="@BeforeMethod initialize" time="0.0" classname="home.MainTest">
    <skipped/>
  </testcase> <!-- @BeforeMethod initialize -->
  <testcase name="@AfterMethod afterEachTestMethod" time="0.0" classname="home.MainTest">
    <skipped/>
  </testcase> <!-- @AfterMethod afterEachTestMethod -->
  <testcase name="@AfterMethod cleanUpApp" time="0.0" classname="home.MainTest">
    <skipped/>
  </testcase> <!-- @AfterMethod cleanUpApp -->
  <testcase name="@BeforeMethod setUp" time="0.0" classname="home.MainTest">
    <skipped/>
  </testcase> <!-- @BeforeMethod setUp -->
  <testcase name="@BeforeMethod startExtent" time="0.0" classname="home.MainTest">
    <skipped/>
  </testcase> <!-- @BeforeMethod startExtent -->
  <testcase name="@BeforeMethod initialize" time="0.0" classname="home.MainTest">
    <skipped/>
  </testcase> <!-- @BeforeMethod initialize -->
  <testcase name="@AfterMethod afterEachTestMethod" time="0.0" classname="home.MainTest">
    <skipped/>
  </testcase> <!-- @AfterMethod afterEachTestMethod -->
  <testcase name="@AfterMethod cleanUpApp" time="0.0" classname="home.MainTest">
    <skipped/>
  </testcase> <!-- @AfterMethod cleanUpApp -->
  <testcase name="@BeforeMethod setUp" time="0.0" classname="home.MainTest">
    <skipped/>
  </testcase> <!-- @BeforeMethod setUp -->
  <testcase name="@BeforeMethod startExtent" time="0.0" classname="home.MainTest">
    <skipped/>
  </testcase> <!-- @BeforeMethod startExtent -->
  <testcase name="@BeforeMethod initialize" time="0.0" classname="home.MainTest">
    <skipped/>
  </testcase> <!-- @BeforeMethod initialize -->
  <testcase name="@AfterMethod afterEachTestMethod" time="0.0" classname="home.MainTest">
    <skipped/>
  </testcase> <!-- @AfterMethod afterEachTestMethod -->
  <testcase name="@AfterMethod cleanUpApp" time="0.0" classname="home.MainTest">
    <skipped/>
  </testcase> <!-- @AfterMethod cleanUpApp -->
  <testcase name="@BeforeMethod setUp" time="0.0" classname="home.MainTest">
    <skipped/>
  </testcase> <!-- @BeforeMethod setUp -->
  <testcase name="@BeforeMethod startExtent" time="0.0" classname="home.MainTest">
    <skipped/>
  </testcase> <!-- @BeforeMethod startExtent -->
  <testcase name="@BeforeMethod initialize" time="0.0" classname="home.MainTest">
    <skipped/>
  </testcase> <!-- @BeforeMethod initialize -->
  <testcase name="@AfterMethod afterEachTestMethod" time="0.0" classname="home.MainTest">
    <skipped/>
  </testcase> <!-- @AfterMethod afterEachTestMethod -->
  <testcase name="@AfterMethod cleanUpApp" time="0.0" classname="home.MainTest">
    <skipped/>
  </testcase> <!-- @AfterMethod cleanUpApp -->
  <testcase name="SecondLinkNoveltyShareButtonTest" time="0.001" classname="home.MainTest">
    <skipped/>
  </testcase> <!-- SecondLinkNoveltyShareButtonTest -->
  <testcase name="allNewsTabTest" time="0.0" classname="home.MainTest">
    <skipped/>
  </testcase> <!-- allNewsTabTest -->
  <testcase name="androidTabTest" time="0.0" classname="home.MainTest">
    <skipped/>
  </testcase> <!-- androidTabTest -->
  <testcase name="appleTabTest" time="0.0" classname="home.MainTest">
    <skipped/>
  </testcase> <!-- appleTabTest -->
  <testcase name="burgerTest" time="0.0" classname="home.MainTest">
    <skipped/>
  </testcase> <!-- burgerTest -->
  <testcase name="firstLinkAndroidShareButtonTest" time="0.0" classname="home.MainTest">
    <skipped/>
  </testcase> <!-- firstLinkAndroidShareButtonTest -->
  <testcase name="firstLinkAndroidTest" time="0.0" classname="home.MainTest">
    <skipped/>
  </testcase> <!-- firstLinkAndroidTest -->
  <testcase name="firstLinkTest" time="0.0" classname="home.MainTest">
    <skipped/>
  </testcase> <!-- firstLinkTest -->
  <testcase name="firstLinkWindowsShareButtonTest" time="0.0" classname="home.MainTest">
    <skipped/>
  </testcase> <!-- firstLinkWindowsShareButtonTest -->
  <testcase name="firstLinkWindowsTest" time="0.0" classname="home.MainTest">
    <skipped/>
  </testcase> <!-- firstLinkWindowsTest -->
  <testcase name="noveltyTabTest" time="0.0" classname="home.MainTest">
    <skipped/>
  </testcase> <!-- noveltyTabTest -->
  <testcase name="searchBarTest" time="0.0" classname="home.MainTest">
    <skipped/>
  </testcase> <!-- searchBarTest -->
  <testcase name="searchBarTest10" time="0.0" classname="home.MainTest">
    <skipped/>
  </testcase> <!-- searchBarTest10 -->
  <testcase name="searchBarTest2" time="0.0" classname="home.MainTest">
    <skipped/>
  </testcase> <!-- searchBarTest2 -->
  <testcase name="searchBarTest3" time="0.0" classname="home.MainTest">
    <skipped/>
  </testcase> <!-- searchBarTest3 -->
  <testcase name="searchBarTest4" time="0.0" classname="home.MainTest">
    <skipped/>
  </testcase> <!-- searchBarTest4 -->
  <testcase name="searchBarTest5" time="0.0" classname="home.MainTest">
    <skipped/>
  </testcase> <!-- searchBarTest5 -->
  <testcase name="searchBarTest6" time="0.0" classname="home.MainTest">
    <skipped/>
  </testcase> <!-- searchBarTest6 -->
  <testcase name="searchBarTest7" time="0.0" classname="home.MainTest">
    <skipped/>
  </testcase> <!-- searchBarTest7 -->
  <testcase name="searchBarTest8" time="0.0" classname="home.MainTest">
    <skipped/>
  </testcase> <!-- searchBarTest8 -->
  <testcase name="searchBarTest9" time="0.0" classname="home.MainTest">
    <skipped/>
  </testcase> <!-- searchBarTest9 -->
  <testcase name="secondLinkAndroidTest" time="0.0" classname="home.MainTest">
    <skipped/>
  </testcase> <!-- secondLinkAndroidTest -->
  <testcase name="secondLinkAppleShareButtonTest" time="0.0" classname="home.MainTest">
    <skipped/>
  </testcase> <!-- secondLinkAppleShareButtonTest -->
  <testcase name="secondLinkAppleTest" time="0.0" classname="home.MainTest">
    <skipped/>
  </testcase> <!-- secondLinkAppleTest -->
  <testcase name="secondLinkNoveltyTest" time="0.0" classname="home.MainTest">
    <skipped/>
  </testcase> <!-- secondLinkNoveltyTest -->
  <testcase name="secondLinkWindowsTest" time="0.0" classname="home.MainTest">
    <skipped/>
  </testcase> <!-- secondLinkWindowsTest -->
  <testcase name="shareArticleUrlAndroidFirstLink" time="0.0" classname="home.MainTest">
    <skipped/>
  </testcase> <!-- shareArticleUrlAndroidFirstLink -->
  <testcase name="shareArticleUrlAndroidSecondLink" time="0.0" classname="home.MainTest">
    <skipped/>
  </testcase> <!-- shareArticleUrlAndroidSecondLink -->
  <testcase name="shareArticleUrlAppleSecondLink" time="0.0" classname="home.MainTest">
    <skipped/>
  </testcase> <!-- shareArticleUrlAppleSecondLink -->
  <testcase name="shareArticleUrlNoveltySecondLink" time="0.0" classname="home.MainTest">
    <skipped/>
  </testcase> <!-- shareArticleUrlNoveltySecondLink -->
  <testcase name="shareArticleUrlWindowsFirstLink" time="0.0" classname="home.MainTest">
    <skipped/>
  </testcase> <!-- shareArticleUrlWindowsFirstLink -->
  <testcase name="thirdLinkAndroidTest" time="0.0" classname="home.MainTest">
    <skipped/>
  </testcase> <!-- thirdLinkAndroidTest -->
  <testcase name="thirdLinkAppleTest" time="0.001" classname="home.MainTest">
    <skipped/>
  </testcase> <!-- thirdLinkAppleTest -->
  <testcase name="windowsTabTest" time="0.0" classname="home.MainTest">
    <skipped/>
  </testcase> <!-- windowsTabTest -->
</testsuite> <!-- Command line test -->
