<?xml version="1.0" encoding="UTF-8" ?>
<testsuite tests="205" failures="1" name="home.MainTest" time="2.362" errors="0" skipped="204">
  <properties>
[...]
</properties>
  <testcase classname="home.MainTest" name="setUp" time="0.721">
    <failure message="
Parameter &apos;OS&apos; is required by @Configuration on method setUp but has not been marked @Optional or defined
" type="org.testng.TestNGException">org.testng.TestNGException: 
Parameter &apos;OS&apos; is required by @Configuration on method setUp but has not been marked @Optional or defined

	at org.testng.internal.Parameters.createParameters(Parameters.java:148)
	at org.testng.internal.Parameters.createParameters(Parameters.java:361)
	at org.testng.internal.Parameters.createConfigurationParameters(Parameters.java:84)
	at org.testng.internal.Invoker.invokeConfigurations(Invoker.java:197)
	at org.testng.internal.Invoker.invokeMethod(Invoker.java:585)
	at org.testng.internal.Invoker.invokeTestMethod(Invoker.java:821)
	at org.testng.internal.Invoker.invokeTestMethods(Invoker.java:1131)
	at org.testng.internal.TestMethodWorker.invokeTestMethods(TestMethodWorker.java:124)
	at org.testng.internal.TestMethodWorker.run(TestMethodWorker.java:108)
	at org.testng.TestRunner.privateRun(TestRunner.java:773)
	at org.testng.TestRunner.run(TestRunner.java:623)
	at org.testng.SuiteRunner.runTest(SuiteRunner.java:357)
	at org.testng.SuiteRunner.runSequentially(SuiteRunner.java:352)
	at org.testng.SuiteRunner.privateRun(SuiteRunner.java:310)
	at org.testng.SuiteRunner.run(SuiteRunner.java:259)
	at org.testng.SuiteRunnerWorker.runSuite(SuiteRunnerWorker.java:52)
	at org.testng.SuiteRunnerWorker.run(SuiteRunnerWorker.java:86)
	at org.testng.TestNG.runSuitesSequentially(TestNG.java:1185)
	at org.testng.TestNG.runSuitesLocally(TestNG.java:1110)
	at org.testng.TestNG.run(TestNG.java:1018)
	at org.apache.maven.surefire.testng.TestNGExecutor.run(TestNGExecutor.java:77)
	at org.apache.maven.surefire.testng.TestNGDirectoryTestSuite.execute(TestNGDirectoryTestSuite.java:110)
	at org.apache.maven.surefire.testng.TestNGProvider.invoke(TestNGProvider.java:106)
	at sun.reflect.NativeMethodAccessorImpl.invoke0(Native Method)
	at sun.reflect.NativeMethodAccessorImpl.invoke(NativeMethodAccessorImpl.java:62)
	at sun.reflect.DelegatingMethodAccessorImpl.invoke(DelegatingMethodAccessorImpl.java:43)
	at java.lang.reflect.Method.invoke(Method.java:498)
	at org.apache.maven.surefire.util.ReflectionUtils.invokeMethodWithArray(ReflectionUtils.java:189)
	at org.apache.maven.surefire.booter.ProviderFactory$ProviderProxy.invoke(ProviderFactory.java:165)
	at org.apache.maven.surefire.booter.ProviderFactory.invokeProvider(ProviderFactory.java:85)
	at org.apache.maven.surefire.booter.ForkedBooter.runSuitesInProcess(ForkedBooter.java:115)
	at org.apache.maven.surefire.booter.ForkedBooter.main(ForkedBooter.java:75)
</failure>
    <system-out>Configuring TestNG with: org.apache.maven.surefire.testng.conf.TestNG652Configurator@16f65612
Extent Report DirectoryC:\Users\fazli\MobileAutomation2019\Android1\target\surefire-reports\html
</system-out>
    <system-err>Apr 13, 2019 11:37:40 PM com.relevantcodes.extentreports.ExtentReports loadConfig
WARNING: Unable to perform report configuration. The file C:\Users\fazli\MobileAutomation2019\Android1\report-config.xml was not found.
</system-err>
  </testcase>
  <testcase classname="home.MainTest" name="startExtent" time="0.722">
    <skipped/>
  </testcase>
  <testcase classname="home.MainTest" name="initialize" time="0.722">
    <skipped/>
  </testcase>
  <testcase classname="home.MainTest" name="SecondLinkNoveltyShareButtonTest" time="0">
    <skipped/>
  </testcase>
  <testcase classname="home.MainTest" name="afterEachTestMethod" time="0">
    <skipped/>
  </testcase>
  <testcase classname="home.MainTest" name="cleanUpApp" time="0">
    <skipped/>
  </testcase>
  <testcase classname="home.MainTest" name="setUp" time="0.001">
    <skipped/>
  </testcase>
  <testcase classname="home.MainTest" name="startExtent" time="0.002">
    <skipped/>
  </testcase>
  <testcase classname="home.MainTest" name="initialize" time="0.002">
    <skipped/>
  </testcase>
  <testcase classname="home.MainTest" name="allNewsTabTest" time="0">
    <skipped/>
  </testcase>
  <testcase classname="home.MainTest" name="afterEachTestMethod" time="0">
    <skipped/>
  </testcase>
  <testcase classname="home.MainTest" name="cleanUpApp" time="0">
    <skipped/>
  </testcase>
  <testcase classname="home.MainTest" name="setUp" time="0.001">
    <skipped/>
  </testcase>
  <testcase classname="home.MainTest" name="startExtent" time="0.001">
    <skipped/>
  </testcase>
  <testcase classname="home.MainTest" name="initialize" time="0.001">
    <skipped/>
  </testcase>
  <testcase classname="home.MainTest" name="androidTabTest" time="0.001">
    <skipped/>
  </testcase>
  <testcase classname="home.MainTest" name="afterEachTestMethod" time="0.001">
    <skipped/>
  </testcase>
  <testcase classname="home.MainTest" name="cleanUpApp" time="0.001">
    <skipped/>
  </testcase>
  <testcase classname="home.MainTest" name="setUp" time="0.002">
    <skipped/>
  </testcase>
  <testcase classname="home.MainTest" name="startExtent" time="0.002">
    <skipped/>
  </testcase>
  <testcase classname="home.MainTest" name="initialize" time="0.002">
    <skipped/>
  </testcase>
  <testcase classname="home.MainTest" name="appleTabTest" time="0">
    <skipped/>
  </testcase>
  <testcase classname="home.MainTest" name="afterEachTestMethod" time="0">
    <skipped/>
  </testcase>
  <testcase classname="home.MainTest" name="cleanUpApp" time="0">
    <skipped/>
  </testcase>
  <testcase classname="home.MainTest" name="setUp" time="0">
    <skipped/>
  </testcase>
  <testcase classname="home.MainTest" name="startExtent" time="0">
    <skipped/>
  </testcase>
  <testcase classname="home.MainTest" name="initialize" time="0.001">
    <skipped/>
  </testcase>
  <testcase classname="home.MainTest" name="burgerTest" time="0">
    <skipped/>
  </testcase>
  <testcase classname="home.MainTest" name="afterEachTestMethod" time="0">
    <skipped/>
  </testcase>
  <testcase classname="home.MainTest" name="cleanUpApp" time="0">
    <skipped/>
  </testcase>
  <testcase classname="home.MainTest" name="setUp" time="0">
    <skipped/>
  </testcase>
  <testcase classname="home.MainTest" name="startExtent" time="0">
    <skipped/>
  </testcase>
  <testcase classname="home.MainTest" name="initialize" time="0">
    <skipped/>
  </testcase>
  <testcase classname="home.MainTest" name="firstLinkAndroidShareButtonTest" time="0">
    <skipped/>
  </testcase>
  <testcase classname="home.MainTest" name="afterEachTestMethod" time="0.001">
    <skipped/>
  </testcase>
  <testcase classname="home.MainTest" name="cleanUpApp" time="0.001">
    <skipped/>
  </testcase>
  <testcase classname="home.MainTest" name="setUp" time="0.001">
    <skipped/>
  </testcase>
  <testcase classname="home.MainTest" name="startExtent" time="0.001">
    <skipped/>
  </testcase>
  <testcase classname="home.MainTest" name="initialize" time="0.001">
    <skipped/>
  </testcase>
  <testcase classname="home.MainTest" name="firstLinkAndroidTest" time="0.001">
    <skipped/>
  </testcase>
  <testcase classname="home.MainTest" name="afterEachTestMethod" time="0.001">
    <skipped/>
  </testcase>
  <testcase classname="home.MainTest" name="cleanUpApp" time="0.001">
    <skipped/>
  </testcase>
  <testcase classname="home.MainTest" name="setUp" time="0.001">
    <skipped/>
  </testcase>
  <testcase classname="home.MainTest" name="startExtent" time="0.001">
    <skipped/>
  </testcase>
  <testcase classname="home.MainTest" name="initialize" time="0.001">
    <skipped/>
  </testcase>
  <testcase classname="home.MainTest" name="firstLinkTest" time="0.001">
    <skipped/>
  </testcase>
  <testcase classname="home.MainTest" name="afterEachTestMethod" time="0.001">
    <skipped/>
  </testcase>
  <testcase classname="home.MainTest" name="cleanUpApp" time="0.001">
    <skipped/>
  </testcase>
  <testcase classname="home.MainTest" name="setUp" time="0.001">
    <skipped/>
  </testcase>
  <testcase classname="home.MainTest" name="startExtent" time="0.001">
    <skipped/>
  </testcase>
  <testcase classname="home.MainTest" name="initialize" time="0.001">
    <skipped/>
  </testcase>
  <testcase classname="home.MainTest" name="firstLinkWindowsShareButtonTest" time="0.001">
    <skipped/>
  </testcase>
  <testcase classname="home.MainTest" name="afterEachTestMethod" time="0.001">
    <skipped/>
  </testcase>
  <testcase classname="home.MainTest" name="cleanUpApp" time="0.001">
    <skipped/>
  </testcase>
  <testcase classname="home.MainTest" name="setUp" time="0.001">
    <skipped/>
  </testcase>
  <testcase classname="home.MainTest" name="startExtent" time="0.002">
    <skipped/>
  </testcase>
  <testcase classname="home.MainTest" name="initialize" time="0.002">
    <skipped/>
  </testcase>
  <testcase classname="home.MainTest" name="firstLinkWindowsTest" time="0">
    <skipped/>
  </testcase>
  <testcase classname="home.MainTest" name="afterEachTestMethod" time="0">
    <skipped/>
  </testcase>
  <testcase classname="home.MainTest" name="cleanUpApp" time="0.001">
    <skipped/>
  </testcase>
  <testcase classname="home.MainTest" name="setUp" time="0.001">
    <skipped/>
  </testcase>
  <testcase classname="home.MainTest" name="startExtent" time="0.001">
    <skipped/>
  </testcase>
  <testcase classname="home.MainTest" name="initialize" time="0.001">
    <skipped/>
  </testcase>
  <testcase classname="home.MainTest" name="noveltyTabTest" time="0.001">
    <skipped/>
  </testcase>
  <testcase classname="home.MainTest" name="afterEachTestMethod" time="0.001">
    <skipped/>
  </testcase>
  <testcase classname="home.MainTest" name="cleanUpApp" time="0.001">
    <skipped/>
  </testcase>
  <testcase classname="home.MainTest" name="setUp" time="0.001">
    <skipped/>
  </testcase>
  <testcase classname="home.MainTest" name="startExtent" time="0.001">
    <skipped/>
  </testcase>
  <testcase classname="home.MainTest" name="initialize" time="0.003">
    <skipped/>
  </testcase>
  <testcase classname="home.MainTest" name="searchBarTest" time="0">
    <skipped/>
  </testcase>
  <testcase classname="home.MainTest" name="afterEachTestMethod" time="0">
    <skipped/>
  </testcase>
  <testcase classname="home.MainTest" name="cleanUpApp" time="0">
    <skipped/>
  </testcase>
  <testcase classname="home.MainTest" name="setUp" time="0">
    <skipped/>
  </testcase>
  <testcase classname="home.MainTest" name="startExtent" time="0">
    <skipped/>
  </testcase>
  <testcase classname="home.MainTest" name="initialize" time="0">
    <skipped/>
  </testcase>
  <testcase classname="home.MainTest" name="searchBarTest10" time="0">
    <skipped/>
  </testcase>
  <testcase classname="home.MainTest" name="afterEachTestMethod" time="0">
    <skipped/>
  </testcase>
  <testcase classname="home.MainTest" name="cleanUpApp" time="0">
    <skipped/>
  </testcase>
  <testcase classname="home.MainTest" name="setUp" time="0">
    <skipped/>
  </testcase>
  <testcase classname="home.MainTest" name="startExtent" time="0">
    <skipped/>
  </testcase>
  <testcase classname="home.MainTest" name="initialize" time="0">
    <skipped/>
  </testcase>
  <testcase classname="home.MainTest" name="searchBarTest2" time="0">
    <skipped/>
  </testcase>
  <testcase classname="home.MainTest" name="afterEachTestMethod" time="0">
    <skipped/>
  </testcase>
  <testcase classname="home.MainTest" name="cleanUpApp" time="0">
    <skipped/>
  </testcase>
  <testcase classname="home.MainTest" name="setUp" time="0">
    <skipped/>
  </testcase>
  <testcase classname="home.MainTest" name="startExtent" time="0">
    <skipped/>
  </testcase>
  <testcase classname="home.MainTest" name="initialize" time="0">
    <skipped/>
  </testcase>
  <testcase classname="home.MainTest" name="searchBarTest3" time="0">
    <skipped/>
  </testcase>
  <testcase classname="home.MainTest" name="afterEachTestMethod" time="0.001">
    <skipped/>
  </testcase>
  <testcase classname="home.MainTest" name="cleanUpApp" time="0.001">
    <skipped/>
  </testcase>
  <testcase classname="home.MainTest" name="setUp" time="0.001">
    <skipped/>
  </testcase>
  <testcase classname="home.MainTest" name="startExtent" time="0.001">
    <skipped/>
  </testcase>
  <testcase classname="home.MainTest" name="initialize" time="0.001">
    <skipped/>
  </testcase>
  <testcase classname="home.MainTest" name="searchBarTest4" time="0">
    <skipped/>
  </testcase>
  <testcase classname="home.MainTest" name="afterEachTestMethod" time="0">
    <skipped/>
  </testcase>
  <testcase classname="home.MainTest" name="cleanUpApp" time="0.001">
    <skipped/>
  </testcase>
  <testcase classname="home.MainTest" name="setUp" time="0.001">
    <skipped/>
  </testcase>
  <testcase classname="home.MainTest" name="startExtent" time="0.001">
    <skipped/>
  </testcase>
  <testcase classname="home.MainTest" name="initialize" time="0.001">
    <skipped/>
  </testcase>
  <testcase classname="home.MainTest" name="searchBarTest5" time="0">
    <skipped/>
  </testcase>
  <testcase classname="home.MainTest" name="afterEachTestMethod" time="0">
    <skipped/>
  </testcase>
  <testcase classname="home.MainTest" name="cleanUpApp" time="0">
    <skipped/>
  </testcase>
  <testcase classname="home.MainTest" name="setUp" time="0.004">
    <skipped/>
  </testcase>
  <testcase classname="home.MainTest" name="startExtent" time="0.004">
    <skipped/>
  </testcase>
  <testcase classname="home.MainTest" name="initialize" time="0.004">
    <skipped/>
  </testcase>
  <testcase classname="home.MainTest" name="searchBarTest6" time="0">
    <skipped/>
  </testcase>
  <testcase classname="home.MainTest" name="afterEachTestMethod" time="0.001">
    <skipped/>
  </testcase>
  <testcase classname="home.MainTest" name="cleanUpApp" time="0.001">
    <skipped/>
  </testcase>
  <testcase classname="home.MainTest" name="setUp" time="0.001">
    <skipped/>
  </testcase>
  <testcase classname="home.MainTest" name="startExtent" time="0.001">
    <skipped/>
  </testcase>
  <testcase classname="home.MainTest" name="initialize" time="0.001">
    <skipped/>
  </testcase>
  <testcase classname="home.MainTest" name="searchBarTest7" time="0">
    <skipped/>
  </testcase>
  <testcase classname="home.MainTest" name="afterEachTestMethod" time="0">
    <skipped/>
  </testcase>
  <testcase classname="home.MainTest" name="cleanUpApp" time="0.001">
    <skipped/>
  </testcase>
  <testcase classname="home.MainTest" name="setUp" time="0.001">
    <skipped/>
  </testcase>
  <testcase classname="home.MainTest" name="startExtent" time="0.001">
    <skipped/>
  </testcase>
  <testcase classname="home.MainTest" name="initialize" time="0.001">
    <skipped/>
  </testcase>
  <testcase classname="home.MainTest" name="searchBarTest8" time="0">
    <skipped/>
  </testcase>
  <testcase classname="home.MainTest" name="afterEachTestMethod" time="0">
    <skipped/>
  </testcase>
  <testcase classname="home.MainTest" name="cleanUpApp" time="0.001">
    <skipped/>
  </testcase>
  <testcase classname="home.MainTest" name="setUp" time="0.001">
    <skipped/>
  </testcase>
  <testcase classname="home.MainTest" name="startExtent" time="0.001">
    <skipped/>
  </testcase>
  <testcase classname="home.MainTest" name="initialize" time="0.001">
    <skipped/>
  </testcase>
  <testcase classname="home.MainTest" name="searchBarTest9" time="0">
    <skipped/>
  </testcase>
  <testcase classname="home.MainTest" name="afterEachTestMethod" time="0">
    <skipped/>
  </testcase>
  <testcase classname="home.MainTest" name="cleanUpApp" time="0">
    <skipped/>
  </testcase>
  <testcase classname="home.MainTest" name="setUp" time="0.001">
    <skipped/>
  </testcase>
  <testcase classname="home.MainTest" name="startExtent" time="0.001">
    <skipped/>
  </testcase>
  <testcase classname="home.MainTest" name="initialize" time="0.001">
    <skipped/>
  </testcase>
  <testcase classname="home.MainTest" name="secondLinkAndroidTest" time="0">
    <skipped/>
  </testcase>
  <testcase classname="home.MainTest" name="afterEachTestMethod" time="0">
    <skipped/>
  </testcase>
  <testcase classname="home.MainTest" name="cleanUpApp" time="0">
    <skipped/>
  </testcase>
  <testcase classname="home.MainTest" name="setUp" time="0.001">
    <skipped/>
  </testcase>
  <testcase classname="home.MainTest" name="startExtent" time="0.001">
    <skipped/>
  </testcase>
  <testcase classname="home.MainTest" name="initialize" time="0.001">
    <skipped/>
  </testcase>
  <testcase classname="home.MainTest" name="secondLinkAppleShareButtonTest" time="0.001">
    <skipped/>
  </testcase>
  <testcase classname="home.MainTest" name="afterEachTestMethod" time="0.001">
    <skipped/>
  </testcase>
  <testcase classname="home.MainTest" name="cleanUpApp" time="0.001">
    <skipped/>
  </testcase>
  <testcase classname="home.MainTest" name="setUp" time="0.003">
    <skipped/>
  </testcase>
  <testcase classname="home.MainTest" name="startExtent" time="0.003">
    <skipped/>
  </testcase>
  <testcase classname="home.MainTest" name="initialize" time="0.003">
    <skipped/>
  </testcase>
  <testcase classname="home.MainTest" name="secondLinkAppleTest" time="0">
    <skipped/>
  </testcase>
  <testcase classname="home.MainTest" name="afterEachTestMethod" time="0">
    <skipped/>
  </testcase>
  <testcase classname="home.MainTest" name="cleanUpApp" time="0">
    <skipped/>
  </testcase>
  <testcase classname="home.MainTest" name="setUp" time="0.002">
    <skipped/>
  </testcase>
  <testcase classname="home.MainTest" name="startExtent" time="0.003">
    <skipped/>
  </testcase>
  <testcase classname="home.MainTest" name="initialize" time="0.003">
    <skipped/>
  </testcase>
  <testcase classname="home.MainTest" name="secondLinkNoveltyTest" time="0">
    <skipped/>
  </testcase>
  <testcase classname="home.MainTest" name="afterEachTestMethod" time="0.002">
    <skipped/>
  </testcase>
  <testcase classname="home.MainTest" name="cleanUpApp" time="0.002">
    <skipped/>
  </testcase>
  <testcase classname="home.MainTest" name="setUp" time="0.002">
    <skipped/>
  </testcase>
  <testcase classname="home.MainTest" name="startExtent" time="0.003">
    <skipped/>
  </testcase>
  <testcase classname="home.MainTest" name="initialize" time="0.003">
    <skipped/>
  </testcase>
  <testcase classname="home.MainTest" name="secondLinkWindowsTest" time="0">
    <skipped/>
  </testcase>
  <testcase classname="home.MainTest" name="afterEachTestMethod" time="0.001">
    <skipped/>
  </testcase>
  <testcase classname="home.MainTest" name="cleanUpApp" time="0.001">
    <skipped/>
  </testcase>
  <testcase classname="home.MainTest" name="setUp" time="0.001">
    <skipped/>
  </testcase>
  <testcase classname="home.MainTest" name="startExtent" time="0.001">
    <skipped/>
  </testcase>
  <testcase classname="home.MainTest" name="initialize" time="0.001">
    <skipped/>
  </testcase>
  <testcase classname="home.MainTest" name="shareArticleUrlAndroidFirstLink" time="0">
    <skipped/>
  </testcase>
  <testcase classname="home.MainTest" name="afterEachTestMethod" time="0">
    <skipped/>
  </testcase>
  <testcase classname="home.MainTest" name="cleanUpApp" time="0">
    <skipped/>
  </testcase>
  <testcase classname="home.MainTest" name="setUp" time="0">
    <skipped/>
  </testcase>
  <testcase classname="home.MainTest" name="startExtent" time="0.001">
    <skipped/>
  </testcase>
  <testcase classname="home.MainTest" name="initialize" time="0.001">
    <skipped/>
  </testcase>
  <testcase classname="home.MainTest" name="shareArticleUrlAndroidSecondLink" time="0">
    <skipped/>
  </testcase>
  <testcase classname="home.MainTest" name="afterEachTestMethod" time="0">
    <skipped/>
  </testcase>
  <testcase classname="home.MainTest" name="cleanUpApp" time="0.001">
    <skipped/>
  </testcase>
  <testcase classname="home.MainTest" name="setUp" time="0.001">
    <skipped/>
  </testcase>
  <testcase classname="home.MainTest" name="startExtent" time="0.001">
    <skipped/>
  </testcase>
  <testcase classname="home.MainTest" name="initialize" time="0.001">
    <skipped/>
  </testcase>
  <testcase classname="home.MainTest" name="shareArticleUrlAppleSecondLink" time="0.001">
    <skipped/>
  </testcase>
  <testcase classname="home.MainTest" name="afterEachTestMethod" time="0.001">
    <skipped/>
  </testcase>
  <testcase classname="home.MainTest" name="cleanUpApp" time="0.001">
    <skipped/>
  </testcase>
  <testcase classname="home.MainTest" name="setUp" time="0.001">
    <skipped/>
  </testcase>
  <testcase classname="home.MainTest" name="startExtent" time="0.001">
    <skipped/>
  </testcase>
  <testcase classname="home.MainTest" name="initialize" time="0.001">
    <skipped/>
  </testcase>
  <testcase classname="home.MainTest" name="shareArticleUrlNoveltySecondLink" time="0">
    <skipped/>
  </testcase>
  <testcase classname="home.MainTest" name="afterEachTestMethod" time="0.001">
    <skipped/>
  </testcase>
  <testcase classname="home.MainTest" name="cleanUpApp" time="0.001">
    <skipped/>
  </testcase>
  <testcase classname="home.MainTest" name="setUp" time="0.001">
    <skipped/>
  </testcase>
  <testcase classname="home.MainTest" name="startExtent" time="0.001">
    <skipped/>
  </testcase>
  <testcase classname="home.MainTest" name="initialize" time="0.001">
    <skipped/>
  </testcase>
  <testcase classname="home.MainTest" name="shareArticleUrlWindowsFirstLink" time="0">
    <skipped/>
  </testcase>
  <testcase classname="home.MainTest" name="afterEachTestMethod" time="0">
    <skipped/>
  </testcase>
  <testcase classname="home.MainTest" name="cleanUpApp" time="0">
    <skipped/>
  </testcase>
  <testcase classname="home.MainTest" name="setUp" time="0">
    <skipped/>
  </testcase>
  <testcase classname="home.MainTest" name="startExtent" time="0.001">
    <skipped/>
  </testcase>
  <testcase classname="home.MainTest" name="initialize" time="0.001">
    <skipped/>
  </testcase>
  <testcase classname="home.MainTest" name="thirdLinkAndroidTest" time="0">
    <skipped/>
  </testcase>
  <testcase classname="home.MainTest" name="afterEachTestMethod" time="0">
    <skipped/>
  </testcase>
  <testcase classname="home.MainTest" name="cleanUpApp" time="0">
    <skipped/>
  </testcase>
  <testcase classname="home.MainTest" name="setUp" time="0">
    <skipped/>
  </testcase>
  <testcase classname="home.MainTest" name="startExtent" time="0">
    <skipped/>
  </testcase>
  <testcase classname="home.MainTest" name="initialize" time="0.001">
    <skipped/>
  </testcase>
  <testcase classname="home.MainTest" name="thirdLinkAppleTest" time="0">
    <skipped/>
  </testcase>
  <testcase classname="home.MainTest" name="afterEachTestMethod" time="0">
    <skipped/>
  </testcase>
  <testcase classname="home.MainTest" name="cleanUpApp" time="0">
    <skipped/>
  </testcase>
  <testcase classname="home.MainTest" name="setUp" time="0">
    <skipped/>
  </testcase>
  <testcase classname="home.MainTest" name="startExtent" time="0">
    <skipped/>
  </testcase>
  <testcase classname="home.MainTest" name="initialize" time="0">
    <skipped/>
  </testcase>
  <testcase classname="home.MainTest" name="windowsTabTest" time="0">
    <skipped/>
  </testcase>
  <testcase classname="home.MainTest" name="afterEachTestMethod" time="0">
    <skipped/>
  </testcase>
  <testcase classname="home.MainTest" name="cleanUpApp" time="0">
    <skipped/>
  </testcase>
  <testcase classname="home.MainTest" name="generateReport" time="0.045">
    <skipped/>
  </testcase>
</testsuite>